<?xml version="1.0" encoding="UTF-8"?>
<!-- Generated by org.testng.reporters.JUnitReportReporter -->
<testsuite hostname="PC" failures="0" tests="12" name="TestMessaging" time="0.485" errors="0" timestamp="2022-09-18T23:14:02 YEKT" skipped="0">
  <testcase classname="TestMessaging" name="test" time="0.041"/>
  <system-out/>
  <testcase classname="TestMessaging" name="test" time="0.040"/>
  <system-out/>
  <testcase classname="TestMessaging" name="test" time="0.040"/>
  <system-out/>
  <testcase classname="TestMessaging" name="test" time="0.041"/>
  <system-out/>
  <testcase classname="TestMessaging" name="test" time="0.040"/>
  <system-out/>
  <testcase classname="TestMessaging" name="test" time="0.041"/>
  <system-out/>
  <testcase classname="TestMessaging" name="test" time="0.041"/>
  <system-out/>
  <testcase classname="TestMessaging" name="test" time="0.040"/>
  <system-out/>
  <testcase classname="TestMessaging" name="test" time="0.040"/>
  <system-out/>
  <testcase classname="TestMessaging" name="test" time="0.041"/>
  <system-out/>
  <testcase classname="TestMessaging" name="test" time="0.040"/>
  <system-out/>
  <testcase classname="TestMessaging" name="test" time="0.040"/>
  <system-out/>
</testsuite> <!-- TestMessaging -->
